TN:
SF:src\use-cases\submit-email-use-case.ts
FN:20,execute
FN:13,SubmitEmailUseCase
FNF:2
FNH:2
FNDA:3,execute
FNDA:1,SubmitEmailUseCase
DA:1,1
DA:2,1
DA:3,1
DA:4,1
DA:5,1
DA:6,1
DA:7,1
DA:8,1
DA:9,1
DA:10,1
DA:11,1
DA:12,1
DA:13,1
DA:14,1
DA:15,1
DA:16,1
DA:17,1
DA:18,1
DA:19,1
DA:20,1
DA:21,3
DA:22,3
DA:23,3
DA:24,2
DA:25,2
DA:26,1
DA:27,1
DA:28,1
DA:29,1
DA:30,1
DA:31,1
DA:32,1
DA:33,1
DA:34,1
DA:35,1
DA:36,1
DA:37,1
DA:38,3
DA:39,3
DA:40,3
DA:41,3
DA:42,3
DA:43,3
DA:44,3
DA:45,1
DA:46,1
LF:46
LH:46
BRDA:20,0,0,3
BRDA:23,1,0,2
BRDA:23,2,0,2
BRDA:26,3,0,1
BRDA:38,4,0,0
BRDA:38,5,0,1
BRDA:40,6,0,0
BRDA:40,7,0,1
BRDA:45,8,0,1
BRDA:13,9,0,1
BRF:10
BRH:8
end_of_record
